<?xml version="1.0" encoding="UTF-8"?>
<!-- Generated by org.testng.reporters.JUnitXMLReporter -->
<testsuite hostname="Vyacheslav-ПК" name="Default test" tests="5" failures="0" timestamp="16 Jan 2013 16:12:10 GMT" time="188.308" errors="0">
  <testcase name="modifySomeContact" time="37.577" classname="com.example.tests.ContactModificationTests"/>
  <testcase name="modifySomeContact" time="36.05" classname="com.example.tests.ContactModificationTests"/>
  <testcase name="modifySomeContact" time="35.63" classname="com.example.tests.ContactModificationTests"/>
  <testcase name="modifySomeContact" time="35.656" classname="com.example.tests.ContactModificationTests"/>
  <testcase name="modifySomeContact" time="36.19" classname="com.example.tests.ContactModificationTests"/>
</testsuite> <!-- Default test -->
