<?xml version="1.0" encoding="UTF-8"?>
<!-- Generated by org.testng.reporters.JUnitXMLReporter -->
<testsuite hostname="Vyacheslav-ПК" name="Default test" tests="4" failures="0" timestamp="28 Nov 2012 20:40:38 GMT" time="14.679" errors="0">
  <testcase name="testEmtpyGroupCreation" time="1.345" classname="com.example.tests.GroupCreationTests"/>
  <testcase name="testNonEmtpyGroupCreation" time="0.985" classname="com.example.tests.GroupCreationTests"/>
  <testcase name="testEmtpyGroupCreation" time="1.3" classname="com.example.tests.AlsoGroupCreationTests"/>
  <testcase name="testNonEmtpyGroupCreation" time="0.955" classname="com.example.tests.AlsoGroupCreationTests"/>
</testsuite> <!-- Default test -->
